  main.cpp
main.cpp(95): warning C4267: инициализация: преобразование из "size_t" в "GLint"; возможна потеря данных
main.cpp(95): warning C4267: инициализация: преобразование из "size_t" в "const GLint"; возможна потеря данных
main.cpp(213): warning C4244: инициализация: преобразование "double" в "unsigned int", возможна потеря данных
main.cpp(263): warning C4267: =: преобразование из "size_t" в "GLuint"; возможна потеря данных
main.cpp(264): warning C4267: =: преобразование из "size_t" в "GLuint"; возможна потеря данных
main.cpp(276): warning C4267: аргумент: преобразование из "size_t" в "unsigned int"; возможна потеря данных
main.cpp(309): warning C4267: =: преобразование из "size_t" в "GLuint"; возможна потеря данных
main.cpp(310): warning C4267: =: преобразование из "size_t" в "GLuint"; возможна потеря данных
main.cpp(418): warning C4267: инициализация: преобразование из "size_t" в "GLuint"; возможна потеря данных
main.cpp(470): warning C4267: инициализация: преобразование из "size_t" в "GLuint"; возможна потеря данных
main.cpp(529): warning C4244: инициализация: преобразование "double" в "unsigned int", возможна потеря данных
main.cpp(573): warning C4018: <: несоответствие типов со знаком и без знака
main.cpp(603): warning C4267: инициализация: преобразование из "size_t" в "GLuint"; возможна потеря данных
main.cpp(635): warning C4267: инициализация: преобразование из "size_t" в "GLuint"; возможна потеря данных
main.cpp(810): warning C4244: аргумент: преобразование "const GLuint" в "GLfloat", возможна потеря данных
main.cpp(811): warning C4244: аргумент: преобразование "clock_t" в "GLfloat", возможна потеря данных
main.cpp(813): warning C4267: аргумент: преобразование из "size_t" в "GLuint"; возможна потеря данных
main.cpp(823): warning C4267: аргумент: преобразование из "size_t" в "GLuint"; возможна потеря данных
main.cpp(832): warning C4244: аргумент: преобразование "const GLuint" в "GLfloat", возможна потеря данных
main.cpp(833): warning C4267: аргумент: преобразование из "size_t" в "GLuint"; возможна потеря данных
main.cpp(842): warning C4244: аргумент: преобразование "const GLuint" в "GLfloat", возможна потеря данных
main.cpp(843): warning C4267: аргумент: преобразование из "size_t" в "GLuint"; возможна потеря данных
main.cpp(857): warning C4267: аргумент: преобразование из "size_t" в "GLuint"; возможна потеря данных
main.cpp(883): warning C4244: аргумент: преобразование "const GLuint" в "GLfloat", возможна потеря данных
main.cpp(901): warning C4244: аргумент: преобразование "const GLuint" в "GLfloat", возможна потеря данных
main.cpp(914): warning C4267: аргумент: преобразование из "size_t" в "GLuint"; возможна потеря данных
main.cpp(1039): warning C4244: аргумент: преобразование "clock_t" в "GLfloat", возможна потеря данных
main.cpp(1047): warning C4267: аргумент: преобразование из "size_t" в "GLuint"; возможна потеря данных
main.cpp(1161): warning C4101: height: неиспользованная локальная переменная
main.cpp(1161): warning C4101: width: неиспользованная локальная переменная
main.cpp(1160): warning C4101: eFormat: неиспользованная локальная переменная
main.cpp(1159): warning C4101: pBytes: неиспользованная локальная переменная
main.cpp(1160): warning C4101: iComponents: неиспользованная локальная переменная
main.cpp(1188): warning C4244: инициализация: преобразование "__int64" в "double", возможна потеря данных
main.cpp(1240): warning C4267: аргумент: преобразование из "size_t" в "GLuint"; возможна потеря данных
main.cpp(1258): warning C4267: аргумент: преобразование из "size_t" в "GLuint"; возможна потеря данных
main.cpp(1293): warning C4244: аргумент: преобразование "double" в "float", возможна потеря данных
LINK : warning LNK4098: библиотека по умолчанию "LIBCMT" противоречит использованию других библиотек; используйте параметр /NODEFAULTLIB:library
  Создание кода
  44 of 2075 functions ( 2.1%) were compiled, the rest were copied from previous compilation.
    0 functions were new in current compilation
    79 functions had inline decision re-evaluated but remain unchanged
  Создание кода завершено
glew32s.lib(glew.obj) : warning LNK4099: "vc120.pdb" PDB не найден с "glew32s.lib(glew.obj)" или на "C:\Users\acterhd\Documents\GitHub\ogl_reflections\ogl_reflections_classed\x64\Release\vc120.pdb"; компоновка объекта выполняется как при отсутствии отладочных данных
  ogl_reflections.vcxproj -> C:\Users\acterhd\Documents\GitHub\ogl_reflections\ogl_reflections_classed\x64\Release\ogl_reflections.exe
