  main.cpp
c:\users\acterhd\documents\github\ogl_reflections\ogl_photon\ogl_reflections\main.cpp(95): warning C4267: инициализация: преобразование из "size_t" в "GLint"; возможна потеря данных
c:\users\acterhd\documents\github\ogl_reflections\ogl_photon\ogl_reflections\main.cpp(95): warning C4267: инициализация: преобразование из "size_t" в "const GLint"; возможна потеря данных
c:\users\acterhd\documents\github\ogl_reflections\ogl_photon\ogl_reflections\main.cpp(213): warning C4244: инициализация: преобразование "double" в "unsigned int", возможна потеря данных
c:\users\acterhd\documents\github\ogl_reflections\ogl_photon\ogl_reflections\main.cpp(263): warning C4267: =: преобразование из "size_t" в "GLuint"; возможна потеря данных
c:\users\acterhd\documents\github\ogl_reflections\ogl_photon\ogl_reflections\main.cpp(264): warning C4267: =: преобразование из "size_t" в "GLuint"; возможна потеря данных
c:\users\acterhd\documents\github\ogl_reflections\ogl_photon\ogl_reflections\main.cpp(276): warning C4267: аргумент: преобразование из "size_t" в "unsigned int"; возможна потеря данных
c:\users\acterhd\documents\github\ogl_reflections\ogl_photon\ogl_reflections\main.cpp(309): warning C4267: =: преобразование из "size_t" в "GLuint"; возможна потеря данных
c:\users\acterhd\documents\github\ogl_reflections\ogl_photon\ogl_reflections\main.cpp(310): warning C4267: =: преобразование из "size_t" в "GLuint"; возможна потеря данных
c:\users\acterhd\documents\github\ogl_reflections\ogl_photon\ogl_reflections\main.cpp(417): warning C4267: инициализация: преобразование из "size_t" в "GLuint"; возможна потеря данных
c:\users\acterhd\documents\github\ogl_reflections\ogl_photon\ogl_reflections\main.cpp(469): warning C4267: инициализация: преобразование из "size_t" в "GLuint"; возможна потеря данных
c:\users\acterhd\documents\github\ogl_reflections\ogl_photon\ogl_reflections\main.cpp(529): warning C4244: инициализация: преобразование "double" в "unsigned int", возможна потеря данных
c:\users\acterhd\documents\github\ogl_reflections\ogl_photon\ogl_reflections\main.cpp(576): warning C4018: <: несоответствие типов со знаком и без знака
c:\users\acterhd\documents\github\ogl_reflections\ogl_photon\ogl_reflections\main.cpp(605): warning C4267: инициализация: преобразование из "size_t" в "GLuint"; возможна потеря данных
c:\users\acterhd\documents\github\ogl_reflections\ogl_photon\ogl_reflections\main.cpp(627): warning C4267: инициализация: преобразование из "size_t" в "GLuint"; возможна потеря данных
c:\users\acterhd\documents\github\ogl_reflections\ogl_photon\ogl_reflections\main.cpp(717): warning C4244: инициализация: преобразование "double" в "unsigned int", возможна потеря данных
c:\users\acterhd\documents\github\ogl_reflections\ogl_photon\ogl_reflections\main.cpp(943): warning C4018: <: несоответствие типов со знаком и без знака
c:\users\acterhd\documents\github\ogl_reflections\ogl_photon\ogl_reflections\main.cpp(972): warning C4267: инициализация: преобразование из "size_t" в "GLuint"; возможна потеря данных
c:\users\acterhd\documents\github\ogl_reflections\ogl_photon\ogl_reflections\main.cpp(993): warning C4267: инициализация: преобразование из "size_t" в "GLuint"; возможна потеря данных
c:\users\acterhd\documents\github\ogl_reflections\ogl_photon\ogl_reflections\main.cpp(1031): warning C4267: аргумент: преобразование из "size_t" в "GLuint"; возможна потеря данных
c:\users\acterhd\documents\github\ogl_reflections\ogl_photon\ogl_reflections\main.cpp(1050): warning C4244: аргумент: преобразование "clock_t" в "GLfloat", возможна потеря данных
c:\users\acterhd\documents\github\ogl_reflections\ogl_photon\ogl_reflections\main.cpp(1053): warning C4267: аргумент: преобразование из "size_t" в "GLuint"; возможна потеря данных
c:\users\acterhd\documents\github\ogl_reflections\ogl_photon\ogl_reflections\main.cpp(1062): warning C4267: аргумент: преобразование из "size_t" в "GLuint"; возможна потеря данных
c:\users\acterhd\documents\github\ogl_reflections\ogl_photon\ogl_reflections\main.cpp(1071): warning C4267: аргумент: преобразование из "size_t" в "GLuint"; возможна потеря данных
c:\users\acterhd\documents\github\ogl_reflections\ogl_photon\ogl_reflections\main.cpp(1089): warning C4244: аргумент: преобразование "const GLuint" в "GLfloat", возможна потеря данных
c:\users\acterhd\documents\github\ogl_reflections\ogl_photon\ogl_reflections\main.cpp(1266): warning C4244: аргумент: преобразование "const GLuint" в "GLfloat", возможна потеря данных
c:\users\acterhd\documents\github\ogl_reflections\ogl_photon\ogl_reflections\main.cpp(1267): warning C4244: аргумент: преобразование "clock_t" в "GLfloat", возможна потеря данных
c:\users\acterhd\documents\github\ogl_reflections\ogl_photon\ogl_reflections\main.cpp(1269): warning C4267: аргумент: преобразование из "size_t" в "GLuint"; возможна потеря данных
c:\users\acterhd\documents\github\ogl_reflections\ogl_photon\ogl_reflections\main.cpp(1277): warning C4244: аргумент: преобразование "const GLuint" в "GLfloat", возможна потеря данных
c:\users\acterhd\documents\github\ogl_reflections\ogl_photon\ogl_reflections\main.cpp(1278): warning C4267: аргумент: преобразование из "size_t" в "GLuint"; возможна потеря данных
c:\users\acterhd\documents\github\ogl_reflections\ogl_photon\ogl_reflections\main.cpp(1287): warning C4244: аргумент: преобразование "const GLuint" в "GLfloat", возможна потеря данных
c:\users\acterhd\documents\github\ogl_reflections\ogl_photon\ogl_reflections\main.cpp(1288): warning C4267: аргумент: преобразование из "size_t" в "GLuint"; возможна потеря данных
c:\users\acterhd\documents\github\ogl_reflections\ogl_photon\ogl_reflections\main.cpp(1297): warning C4244: аргумент: преобразование "const GLuint" в "GLfloat", возможна потеря данных
c:\users\acterhd\documents\github\ogl_reflections\ogl_photon\ogl_reflections\main.cpp(1298): warning C4267: аргумент: преобразование из "size_t" в "GLuint"; возможна потеря данных
c:\users\acterhd\documents\github\ogl_reflections\ogl_photon\ogl_reflections\main.cpp(1310): warning C4244: аргумент: преобразование "const GLuint" в "GLfloat", возможна потеря данных
c:\users\acterhd\documents\github\ogl_reflections\ogl_photon\ogl_reflections\main.cpp(1311): warning C4267: аргумент: преобразование из "size_t" в "GLuint"; возможна потеря данных
c:\users\acterhd\documents\github\ogl_reflections\ogl_photon\ogl_reflections\main.cpp(1337): warning C4244: аргумент: преобразование "const GLuint" в "GLfloat", возможна потеря данных
c:\users\acterhd\documents\github\ogl_reflections\ogl_photon\ogl_reflections\main.cpp(1355): warning C4244: аргумент: преобразование "const GLuint" в "GLfloat", возможна потеря данных
c:\users\acterhd\documents\github\ogl_reflections\ogl_photon\ogl_reflections\main.cpp(1364): warning C4267: аргумент: преобразование из "size_t" в "GLuint"; возможна потеря данных
c:\users\acterhd\documents\github\ogl_reflections\ogl_photon\ogl_reflections\main.cpp(1437): warning C4244: аргумент: преобразование "clock_t" в "GLfloat", возможна потеря данных
c:\users\acterhd\documents\github\ogl_reflections\ogl_photon\ogl_reflections\main.cpp(1444): warning C4267: аргумент: преобразование из "size_t" в "GLuint"; возможна потеря данных
c:\users\acterhd\documents\github\ogl_reflections\ogl_photon\ogl_reflections\main.cpp(1470): warning C4244: аргумент: преобразование "clock_t" в "GLfloat", возможна потеря данных
c:\users\acterhd\documents\github\ogl_reflections\ogl_photon\ogl_reflections\main.cpp(1473): warning C4244: аргумент: преобразование "const GLuint" в "GLfloat", возможна потеря данных
c:\users\acterhd\documents\github\ogl_reflections\ogl_photon\ogl_reflections\main.cpp(1478): warning C4267: аргумент: преобразование из "size_t" в "GLuint"; возможна потеря данных
c:\users\acterhd\documents\github\ogl_reflections\ogl_photon\ogl_reflections\main.cpp(1592): warning C4101: height: неиспользованная локальная переменная
c:\users\acterhd\documents\github\ogl_reflections\ogl_photon\ogl_reflections\main.cpp(1592): warning C4101: width: неиспользованная локальная переменная
c:\users\acterhd\documents\github\ogl_reflections\ogl_photon\ogl_reflections\main.cpp(1591): warning C4101: eFormat: неиспользованная локальная переменная
c:\users\acterhd\documents\github\ogl_reflections\ogl_photon\ogl_reflections\main.cpp(1590): warning C4101: pBytes: неиспользованная локальная переменная
c:\users\acterhd\documents\github\ogl_reflections\ogl_photon\ogl_reflections\main.cpp(1591): warning C4101: iComponents: неиспользованная локальная переменная
c:\users\acterhd\documents\github\ogl_reflections\ogl_photon\ogl_reflections\main.cpp(1651): warning C4244: инициализация: преобразование "__int64" в "double", возможна потеря данных
c:\users\acterhd\documents\github\ogl_reflections\ogl_photon\ogl_reflections\main.cpp(1773): warning C4244: аргумент: преобразование "double" в "float", возможна потеря данных
LINK : warning LNK4098: сшсышюЄхър яю єьюыўрэш■ "LIBCMT" яЁюЄштюЁхўшЄ шёяюы№чютрэш■ фЁєушї сшсышюЄхъ; шёяюы№чєщЄх ярЁрьхЄЁ /NODEFAULTLIB:library
glew32s.lib(glew.obj) : warning LNK4099: "vc120.pdb" PDB эх эрщфхэ ё "glew32s.lib(glew.obj)" шыш эр "C:\Users\acterhd\Documents\GitHub\ogl_reflections\ogl_photon\x64\Debug\vc120.pdb"; ъюьяюэютър юс·хъЄр т√яюыэ хЄё  ъръ яЁш юЄёєЄёЄтшш юЄырфюўэ√ї фрээ√ї
  ogl_reflections.vcxproj -> C:\Users\acterhd\Documents\GitHub\ogl_reflections\ogl_photon\x64\Debug\ogl_reflections.exe
